


ARM Macro Assembler    Page 1 


    1 00000000         
    2 00000000         
    3 00000000         
    4 00000000         
    5 00000000 00000010 
                       USER_MODE
                               equ              0X10
    6 00000000 00000011 
                       FIQ_MODE
                               equ              0X11
    7 00000000 00000012 
                       IRQ_MODE
                               equ              0X12
    8 00000000 00000013 
                       SERVICE_MODE
                               equ              0X13
    9 00000000 00000017 
                       ABT_MODE
                               equ              0X17
   10 00000000 0000001B 
                       UNDEFINE_MODE
                               equ              0X1B
   11 00000000 0000001F 
                       SYSTEM_MODE
                               equ              0X1F
   12 00000000         
   13 00000000         
   14 00000000         
   15 00000000         
   16 00000000         
   17 00000000         
   18 00000000                 PRESERVE8
   19 00000000                 AREA             CODE, CODE, READONLY
   20 00000000         
   21 00000000                 ENTRY                        ;ENTRY is not nesse
                                                            sary
   22 00000000                 ARM
   23 00000000         
   24 00000000 E59FF018        LDR              pc,resetAddr
   25 00000004         
   26 00000004 E59FF018        ldr              pc,undefAddr
   27 00000008         
   28 00000008 E59FF018        ldr              pc,swiAddr
   29 0000000C         
   30 0000000C E59FF018        ldr              pc,pabtAddr
   31 00000010         
   32 00000010 E59FF018        ldr              pc,dabtAddr
   33 00000014         
   34 00000014 E1A00000        nop
   35 00000018         
   36 00000018 E59FF018        ldr              pc,irqAddr
   37 0000001C         
   38 0000001C         ;ldr pc,[pc,#-0xff0]
   39 0000001C         
   40 0000001C E59FF018        ldr              pc,fiqAddr
   41 00000020         
   42 00000020 00000000 
                       resetAddr
                               DCD              resetHandler



ARM Macro Assembler    Page 2 


   43 00000024 00000000 
                       undefAddr
                               DCD              undefHandler
   44 00000028 00000000 
                       swiAddr DCD              swiHandler
   45 0000002C 00000000 
                       pabtAddr
                               DCD              pabtHandler
   46 00000030 00000000 
                       dabtAddr
                               DCD              dabtHandler
   47 00000034 00000000        DCD              0
   48 00000038 00000000 
                       irqAddr DCD              irqHandler
   49 0000003C 00000000 
                       fiqAddr DCD              fiqHandler
   50 00000040         
   51 00000040         
   52 00000040         
   53 00000040         
   54 00000040         ;BOOT_STACK_SIZE EQU 0X100
   55 00000040         
   56 00000040 40000000 
                       MEM_LOAD_BASE
                               EQU              0X40000000
   57 00000040 40000000 
                       tmpUserStackBase
                               equ              (0x0000000 + MEM_LOAD_BASE)
   58 00000040 40001000 
                       tmpUserStackEnd
                               equ              (0x00001000 + MEM_LOAD_BASE)
   59 00000040 40001100 
                       tmpSystemStackBase
                               equ              (0x00001100 + MEM_LOAD_BASE)
   60 00000040 40001200 
                       tmpSystemStackEnd
                               equ              (0x00001200 + MEM_LOAD_BASE)
   61 00000040 40001200 
                       undefStackBase
                               equ              (0x00001200 + MEM_LOAD_BASE)
   62 00000040 40001300 
                       undefStackEnd
                               equ              (0x00001300 + MEM_LOAD_BASE)
   63 00000040 40001300 
                       svcStackBase
                               equ              (0x00001300 + MEM_LOAD_BASE)
   64 00000040 40001400 
                       svcStackEnd
                               equ              (0x00001400 + MEM_LOAD_BASE)
   65 00000040 40001400 
                       abtStackBase
                               equ              (0x00001400 + MEM_LOAD_BASE)
   66 00000040 40001500 
                       abtStackEnd
                               equ              (0x00001500 + MEM_LOAD_BASE)
   67 00000040 40001500 
                       irqStackBase
                               equ              (0x00001500 + MEM_LOAD_BASE)
   68 00000040 40001600 



ARM Macro Assembler    Page 3 


                       irqStackEnd
                               equ              (0x00001600 + MEM_LOAD_BASE)
   69 00000040 40001600 
                       fiqStackBase
                               equ              (0x00001600 + MEM_LOAD_BASE)
   70 00000040 40001700 
                       fiqStackEnd
                               equ              (0x00001700 + MEM_LOAD_BASE)
   71 00000040         
   72 00000040 40002000 
                       PAGE_TABLE_ENTRY
                               EQU              (MEM_LOAD_BASE + 0X2000)
   73 00000040         
   74 00000040                 extern           __uartInit
   75 00000040                 extern           __uartSend
   76 00000040                 extern           __uartRecv
   77 00000040                 extern           __initInterruptionProc
   78 00000040                 extern           __initMemoryProc
   79 00000040                 extern           initMemory
   80 00000040                 extern           __enableInt
   81 00000040                 extern           __intHandler
   82 00000040                 extern           __unmaskInt
   83 00000040         
   84 00000040         resetHandler
   85 00000040         
   86 00000040         ;CSPR or PSPR
   87 00000040         ;d31 N  negtive
   88 00000040         ;d30 Z  zero
   89 00000040         ;d29 C  carry
   90 00000040         ;d28 V  overflow
   91 00000040         ;d27 Q  float number overflow
   92 00000040         ;d7  I 1=disabled irq,0=enabled irq
   93 00000040         ;d6  F 1=disabled fiq,0=enabled fiq
   94 00000040         ;d5  T 1=enable thumb mode,0=disabled thumb mode
   95 00000040         ;d0-d4  mode,see define .c files
   96 00000040         
   97 00000040         
   98 00000040         
   99 00000040 E3A00011        mov              r0,#FIQ_MODE
  100 00000044 E121F000        msr              cpsr_c,r0
  101 00000048         ;ldr access label address range in 4gb,example:ldr r0,=0
                       x12345678,but not ldr r0,=#0x12345678
  102 00000048         ;adr access label address range in 255 or 1020 bytes
  103 00000048         ;adrl access label address range in 64kb
  104 00000048 E59F00D4        ldr              r0,=fiqStackEnd
  105 0000004C E1A0D000        mov              sp,r0
  106 00000050         
  107 00000050         
  108 00000050 E3A00012        mov              r0,#IRQ_MODE
  109 00000054 E121F000        msr              cpsr_c,r0
  110 00000058 E59F00C8        ldr              r0,=irqStackEnd
  111 0000005C E1A0D000        mov              sp,r0
  112 00000060         
  113 00000060         
  114 00000060 E3A00013        mov              r0,#SERVICE_MODE
  115 00000064 E121F000        msr              cpsr_c,r0
  116 00000068 E59F00BC        ldr              r0,=svcStackEnd
  117 0000006C E1A0D000        mov              sp,r0
  118 00000070         



ARM Macro Assembler    Page 4 


  119 00000070         
  120 00000070 E3A00017        mov              r0,#ABT_MODE
  121 00000074 E121F000        msr              cpsr_c,r0
  122 00000078 E59F00B0        ldr              r0,=abtStackEnd
  123 0000007C E1A0D000        mov              sp,r0
  124 00000080         
  125 00000080 E3A0001B        mov              r0,#UNDEFINE_MODE
  126 00000084 E121F000        msr              cpsr_c,r0
  127 00000088 E59F00A4        ldr              r0,=undefStackEnd
  128 0000008C E1A0D000        mov              sp,r0
  129 00000090         
  130 00000090 E3A0001F        mov              r0,#SYSTEM_MODE
  131 00000094 E121F000        msr              cpsr_c,r0
  132 00000098 E59F0098        ldr              r0,=tmpSystemStackEnd
  133 0000009C E1A0D000        mov              sp,r0
  134 000000A0         
  135 000000A0         ;mov r0,#USER_MODE
  136 000000A0         ;msr cpsr_c,r0
  137 000000A0         ;ldr r0,=tmpUserStackEnd
  138 000000A0         ;mov sp,r0
  139 000000A0         
  140 000000A0         ;swi #0x1000
  141 000000A0         
  142 000000A0         ;bkpt #0x10
  143 000000A0         
  144 000000A0                 extern           resetHandlerC
  145 000000A0         ;ldr r0,=resetHandlerC
  146 000000A0         ;blx r0
  147 000000A0         ;bl resetHandlerC
  148 000000A0         
  149 000000A0         ;bl initMemory
  150 000000A0         
  151 000000A0         
  152 000000A0 EBFFFFFE        BL               __unmaskInt
  153 000000A4 EBFFFFFE        BL               __enableInt
  154 000000A8         
  155 000000A8 EBFFFFFE        bl               __uartInit
  156 000000AC E3A00041        mov              r0,#0x41
  157 000000B0 EBFFFFFE        bl               __uartSend
  158 000000B4 EBFFFFFE        bl               __uartRecv
  159 000000B8 EBFFFFFE        bl               __uartRecv
  160 000000BC EBFFFFFE        bl               __uartRecv
  161 000000C0         
  162 000000C0 EBFFFFFE        BL               __initMemoryProc
  163 000000C4         _resetWaitLoop
  164 000000C4 EAFFFFFE        b                _resetWaitLoop
  165 000000C8         
  166 000000C8 E1A00000        dcd              0xe1a00000
  167 000000CC E1A00000        nop
  168 000000D0         
  169 000000D0         undefHandler
  170 000000D0 E92D5FFF        stmfd            sp!,{r0-r12,r14}
  171 000000D4                 extern           undefHandlerC
  172 000000D4         ;ldr r0,=undefHandlerC
  173 000000D4         ;blx r0
  174 000000D4         ;bl undefHandlerC
  175 000000D4 E8FD9FFF        ldmfd            sp!,{r0-r12,pc}^
  176 000000D8         
  177 000000D8         swiHandler



ARM Macro Assembler    Page 5 


  178 000000D8 E92D5FFF        stmfd            sp!,{r0-r12,r14}
  179 000000DC E51E0004        ldr              r0,[lr,#-4]
  180 000000E0 E3C004FF        bic              r0,r0,#0xff000000
  181 000000E4         
  182 000000E4                 extern           swiHandlerC
  183 000000E4         ;bl swiHandlerC
  184 000000E4 E8FD9FFF        ldmfd            sp!,{r0-r12,pc}^
  185 000000E8         
  186 000000E8         pabtHandler
  187 000000E8         ;sub lr,lr,#4
  188 000000E8         ;pabt return address in lr is next instruction after bkp
                       t
  189 000000E8 E92D5FFF        stmfd            sp!,{r0-r12,r14}
  190 000000EC         
  191 000000EC E51E0004        ldr              r0,[lr,#-4]
  192 000000F0 E20000FF        bic              r0,r0,#0xffffff00
  193 000000F4         
  194 000000F4                 extern           pabtHandlerC
  195 000000F4         ;bl pabtHandlerC
  196 000000F4 E8FD9FFF        ldmfd            sp!,{r0-r12,pc}^
  197 000000F8         
  198 000000F8         dabtHandler
  199 000000F8 E24EE008        sub              lr,lr,#8
  200 000000FC E92D5FFF        stmfd            sp!,{r0-r12,r14}
  201 00000100                 extern           dabtHandlerC
  202 00000100         ;bl dabtHandlerC
  203 00000100 E8FD9FFF        ldmfd            sp!,{r0-r12,pc}^
  204 00000104         
  205 00000104         irqHandler
  206 00000104 E24EE004        sub              lr,lr,#4
  207 00000108 E92D5FFF        stmfd            sp!,{r0-r12,r14}
  208 0000010C                 extern           irqHandlerC
  209 0000010C         ;bl irqHandlerC
  210 0000010C EBFFFFFE        BL               __intHandler
  211 00000110 E8FD9FFF        ldmfd            sp!,{r0-r12,pc}^
  212 00000114         
  213 00000114         fiqHandler
  214 00000114 E24EE004        sub              lr,lr,#4
  215 00000118 E92D5FFF        stmfd            sp!,{r0-r12,r14}
  216 0000011C                 extern           fiqHandlerC
  217 0000011C         ;bl fiqHandlerC
  218 0000011C EBFFFFFE        BL               __intHandler
  219 00000120 E8FD9FFF        ldmfd            sp!,{r0-r12,pc}^
  220 00000124         
  221 00000124         ;must be a TAB before END.else will be error
  222 00000124         ;warning: A1447W: Missing END directive at end of file, 
                       but found a label named END
  223 00000124                 END
              40001700 
              40001600 
              40001400 
              40001500 
              40001300 
              40001200 
Command Line: --debug --xref --cpu=ARM920T --apcs=interwork --depend=boot.d -ob
oot.o -Id:\arm\Keil_v4\ARM\RV31\INC -Id:\arm\Keil_v4\ARM\CMSIS\Include -Id:\arm
\Keil_v4\ARM\Inc\Samsung --predefine="__EVAL SETA 1" --list=boot.lst boot.s



ARM Macro Assembler    Page 1 Alphabetic symbol ordering
Relocatable symbols

CODE 00000000

Symbol: CODE
   Definitions
      At line 19 in file boot.s
   Uses
      None
Comment: CODE unused
_resetWaitLoop 000000C4

Symbol: _resetWaitLoop
   Definitions
      At line 163 in file boot.s
   Uses
      At line 164 in file boot.s
Comment: _resetWaitLoop used once
dabtAddr 00000030

Symbol: dabtAddr
   Definitions
      At line 46 in file boot.s
   Uses
      At line 32 in file boot.s
Comment: dabtAddr used once
dabtHandler 000000F8

Symbol: dabtHandler
   Definitions
      At line 198 in file boot.s
   Uses
      At line 46 in file boot.s
Comment: dabtHandler used once
fiqAddr 0000003C

Symbol: fiqAddr
   Definitions
      At line 49 in file boot.s
   Uses
      At line 40 in file boot.s
Comment: fiqAddr used once
fiqHandler 00000114

Symbol: fiqHandler
   Definitions
      At line 213 in file boot.s
   Uses
      At line 49 in file boot.s
Comment: fiqHandler used once
irqAddr 00000038

Symbol: irqAddr
   Definitions
      At line 48 in file boot.s
   Uses
      At line 36 in file boot.s
Comment: irqAddr used once
irqHandler 00000104

Symbol: irqHandler



ARM Macro Assembler    Page 2 Alphabetic symbol ordering
Relocatable symbols

   Definitions
      At line 205 in file boot.s
   Uses
      At line 48 in file boot.s
Comment: irqHandler used once
pabtAddr 0000002C

Symbol: pabtAddr
   Definitions
      At line 45 in file boot.s
   Uses
      At line 30 in file boot.s
Comment: pabtAddr used once
pabtHandler 000000E8

Symbol: pabtHandler
   Definitions
      At line 186 in file boot.s
   Uses
      At line 45 in file boot.s
Comment: pabtHandler used once
resetAddr 00000020

Symbol: resetAddr
   Definitions
      At line 42 in file boot.s
   Uses
      At line 24 in file boot.s
Comment: resetAddr used once
resetHandler 00000040

Symbol: resetHandler
   Definitions
      At line 84 in file boot.s
   Uses
      At line 42 in file boot.s
Comment: resetHandler used once
swiAddr 00000028

Symbol: swiAddr
   Definitions
      At line 44 in file boot.s
   Uses
      At line 28 in file boot.s
Comment: swiAddr used once
swiHandler 000000D8

Symbol: swiHandler
   Definitions
      At line 177 in file boot.s
   Uses
      At line 44 in file boot.s
Comment: swiHandler used once
undefAddr 00000024

Symbol: undefAddr
   Definitions
      At line 43 in file boot.s
   Uses



ARM Macro Assembler    Page 3 Alphabetic symbol ordering
Relocatable symbols

      At line 26 in file boot.s
Comment: undefAddr used once
undefHandler 000000D0

Symbol: undefHandler
   Definitions
      At line 169 in file boot.s
   Uses
      At line 43 in file boot.s
Comment: undefHandler used once
16 symbols



ARM Macro Assembler    Page 1 Alphabetic symbol ordering
Absolute symbols

ABT_MODE 00000017

Symbol: ABT_MODE
   Definitions
      At line 9 in file boot.s
   Uses
      At line 120 in file boot.s
Comment: ABT_MODE used once
FIQ_MODE 00000011

Symbol: FIQ_MODE
   Definitions
      At line 6 in file boot.s
   Uses
      At line 99 in file boot.s
Comment: FIQ_MODE used once
IRQ_MODE 00000012

Symbol: IRQ_MODE
   Definitions
      At line 7 in file boot.s
   Uses
      At line 108 in file boot.s
Comment: IRQ_MODE used once
MEM_LOAD_BASE 40000000

Symbol: MEM_LOAD_BASE
   Definitions
      At line 56 in file boot.s
   Uses
      At line 57 in file boot.s
      At line 58 in file boot.s
      At line 59 in file boot.s
      At line 60 in file boot.s
      At line 61 in file boot.s
      At line 62 in file boot.s
      At line 63 in file boot.s
      At line 64 in file boot.s
      At line 65 in file boot.s
      At line 66 in file boot.s
      At line 67 in file boot.s
      At line 68 in file boot.s
      At line 69 in file boot.s
      At line 70 in file boot.s
      At line 72 in file boot.s

PAGE_TABLE_ENTRY 40002000

Symbol: PAGE_TABLE_ENTRY
   Definitions
      At line 72 in file boot.s
   Uses
      None
Comment: PAGE_TABLE_ENTRY unused
SERVICE_MODE 00000013

Symbol: SERVICE_MODE
   Definitions
      At line 8 in file boot.s



ARM Macro Assembler    Page 2 Alphabetic symbol ordering
Absolute symbols

   Uses
      At line 114 in file boot.s
Comment: SERVICE_MODE used once
SYSTEM_MODE 0000001F

Symbol: SYSTEM_MODE
   Definitions
      At line 11 in file boot.s
   Uses
      At line 130 in file boot.s
Comment: SYSTEM_MODE used once
UNDEFINE_MODE 0000001B

Symbol: UNDEFINE_MODE
   Definitions
      At line 10 in file boot.s
   Uses
      At line 125 in file boot.s
Comment: UNDEFINE_MODE used once
USER_MODE 00000010

Symbol: USER_MODE
   Definitions
      At line 5 in file boot.s
   Uses
      None
Comment: USER_MODE unused
abtStackBase 40001400

Symbol: abtStackBase
   Definitions
      At line 65 in file boot.s
   Uses
      None
Comment: abtStackBase unused
abtStackEnd 40001500

Symbol: abtStackEnd
   Definitions
      At line 66 in file boot.s
   Uses
      At line 122 in file boot.s
Comment: abtStackEnd used once
fiqStackBase 40001600

Symbol: fiqStackBase
   Definitions
      At line 69 in file boot.s
   Uses
      None
Comment: fiqStackBase unused
fiqStackEnd 40001700

Symbol: fiqStackEnd
   Definitions
      At line 70 in file boot.s
   Uses
      At line 104 in file boot.s
Comment: fiqStackEnd used once



ARM Macro Assembler    Page 3 Alphabetic symbol ordering
Absolute symbols

irqStackBase 40001500

Symbol: irqStackBase
   Definitions
      At line 67 in file boot.s
   Uses
      None
Comment: irqStackBase unused
irqStackEnd 40001600

Symbol: irqStackEnd
   Definitions
      At line 68 in file boot.s
   Uses
      At line 110 in file boot.s
Comment: irqStackEnd used once
svcStackBase 40001300

Symbol: svcStackBase
   Definitions
      At line 63 in file boot.s
   Uses
      None
Comment: svcStackBase unused
svcStackEnd 40001400

Symbol: svcStackEnd
   Definitions
      At line 64 in file boot.s
   Uses
      At line 116 in file boot.s
Comment: svcStackEnd used once
tmpSystemStackBase 40001100

Symbol: tmpSystemStackBase
   Definitions
      At line 59 in file boot.s
   Uses
      None
Comment: tmpSystemStackBase unused
tmpSystemStackEnd 40001200

Symbol: tmpSystemStackEnd
   Definitions
      At line 60 in file boot.s
   Uses
      At line 132 in file boot.s
Comment: tmpSystemStackEnd used once
tmpUserStackBase 40000000

Symbol: tmpUserStackBase
   Definitions
      At line 57 in file boot.s
   Uses
      None
Comment: tmpUserStackBase unused
tmpUserStackEnd 40001000

Symbol: tmpUserStackEnd



ARM Macro Assembler    Page 4 Alphabetic symbol ordering
Absolute symbols

   Definitions
      At line 58 in file boot.s
   Uses
      None
Comment: tmpUserStackEnd unused
undefStackBase 40001200

Symbol: undefStackBase
   Definitions
      At line 61 in file boot.s
   Uses
      None
Comment: undefStackBase unused
undefStackEnd 40001300

Symbol: undefStackEnd
   Definitions
      At line 62 in file boot.s
   Uses
      At line 127 in file boot.s
Comment: undefStackEnd used once
23 symbols



ARM Macro Assembler    Page 1 Alphabetic symbol ordering
External symbols

__enableInt 00000000

Symbol: __enableInt
   Definitions
      At line 80 in file boot.s
   Uses
      At line 153 in file boot.s
Comment: __enableInt used once
__initInterruptionProc 00000000

Symbol: __initInterruptionProc
   Definitions
      At line 77 in file boot.s
   Uses
      None
Comment: __initInterruptionProc unused
__initMemoryProc 00000000

Symbol: __initMemoryProc
   Definitions
      At line 78 in file boot.s
   Uses
      At line 162 in file boot.s
Comment: __initMemoryProc used once
__intHandler 00000000

Symbol: __intHandler
   Definitions
      At line 81 in file boot.s
   Uses
      At line 210 in file boot.s
      At line 218 in file boot.s

__uartInit 00000000

Symbol: __uartInit
   Definitions
      At line 74 in file boot.s
   Uses
      At line 155 in file boot.s
Comment: __uartInit used once
__uartRecv 00000000

Symbol: __uartRecv
   Definitions
      At line 76 in file boot.s
   Uses
      At line 158 in file boot.s
      At line 159 in file boot.s
      At line 160 in file boot.s

__uartSend 00000000

Symbol: __uartSend
   Definitions
      At line 75 in file boot.s
   Uses
      At line 157 in file boot.s
Comment: __uartSend used once



ARM Macro Assembler    Page 2 Alphabetic symbol ordering
External symbols

__unmaskInt 00000000

Symbol: __unmaskInt
   Definitions
      At line 82 in file boot.s
   Uses
      At line 152 in file boot.s
Comment: __unmaskInt used once
dabtHandlerC 00000000

Symbol: dabtHandlerC
   Definitions
      At line 201 in file boot.s
   Uses
      None
Comment: dabtHandlerC unused
fiqHandlerC 00000000

Symbol: fiqHandlerC
   Definitions
      At line 216 in file boot.s
   Uses
      None
Comment: fiqHandlerC unused
initMemory 00000000

Symbol: initMemory
   Definitions
      At line 79 in file boot.s
   Uses
      None
Comment: initMemory unused
irqHandlerC 00000000

Symbol: irqHandlerC
   Definitions
      At line 208 in file boot.s
   Uses
      None
Comment: irqHandlerC unused
pabtHandlerC 00000000

Symbol: pabtHandlerC
   Definitions
      At line 194 in file boot.s
   Uses
      None
Comment: pabtHandlerC unused
resetHandlerC 00000000

Symbol: resetHandlerC
   Definitions
      At line 144 in file boot.s
   Uses
      None
Comment: resetHandlerC unused
swiHandlerC 00000000

Symbol: swiHandlerC



ARM Macro Assembler    Page 3 Alphabetic symbol ordering
External symbols

   Definitions
      At line 182 in file boot.s
   Uses
      None
Comment: swiHandlerC unused
undefHandlerC 00000000

Symbol: undefHandlerC
   Definitions
      At line 171 in file boot.s
   Uses
      None
Comment: undefHandlerC unused
16 symbols
388 symbols in table
